----- Transaction Digest ----
ChnamsdJPJV7nhvCxrwB58zgQxW182EvnEVQCHCmTHV1
----- Transaction Data ----
Transaction Signature: [Signature(Ed25519SuiSignature(Ed25519SuiSignature([0, 52, 141, 174, 189, 210, 41, 210, 184, 135, 27, 105, 69, 64, 204, 96, 230, 153, 145, 169, 171, 224, 34, 16, 94, 44, 91, 149, 209, 251, 72, 18, 137, 120, 213, 0, 157, 81, 243, 253, 171, 2, 68, 175, 124, 75, 159, 39, 215, 44, 219, 226, 75, 190, 176, 176, 251, 134, 14, 44, 40, 111, 252, 44, 12, 146, 137, 240, 92, 95, 249, 184, 138, 8, 66, 223, 49, 207, 236, 37, 173, 122, 165, 82, 174, 158, 228, 180, 22, 84, 71, 108, 163, 206, 250, 162, 139])))]
Transaction Kind : Programmable
Inputs: [Pure(SuiPureValue { value_type: Some(Address), value: "0xd67b1e7e1d61f6de5b6828b952dd9bb4f28166401483a12e37a7a7018567ecbd" })]
Commands: [
  Publish(<modules>,0x0000000000000000000000000000000000000000000000000000000000000001,0x0000000000000000000000000000000000000000000000000000000000000002),
  TransferObjects([Result(0)],Input(0)),
]

Sender: 0xd67b1e7e1d61f6de5b6828b952dd9bb4f28166401483a12e37a7a7018567ecbd
Gas Payment: Object ID: 0x7c94abffd392fd35571938f535e282d3321b008471bba5bc9bcd341679fa1f74, version: 0xfd8fe1, digest: D1rTVRifi8iigxKdwtMgtibmVjtcvJaT75NuKHLmPo7s 
Gas Owner: 0xd67b1e7e1d61f6de5b6828b952dd9bb4f28166401483a12e37a7a7018567ecbd
Gas Price: 785
Gas Budget: 500000000

----- Transaction Effects ----
Status : Success
Created Objects:
  - ID: 0x10a1f113e1709c4f3e884e4937400b8723dd121df20ec7a11fb9f1dfc1065f8f , Owner: Immutable
  - ID: 0xe39f27ebc0a317bac54b212db2c0e67e22080542426400631ed55206253b9f00 , Owner: Account Address ( 0xd67b1e7e1d61f6de5b6828b952dd9bb4f28166401483a12e37a7a7018567ecbd )
Mutated Objects:
  - ID: 0x7c94abffd392fd35571938f535e282d3321b008471bba5bc9bcd341679fa1f74 , Owner: Account Address ( 0xd67b1e7e1d61f6de5b6828b952dd9bb4f28166401483a12e37a7a7018567ecbd )

----- Events ----
Array []
----- Object changes ----
Array [
    Object {
        "type": String("mutated"),
        "sender": String("0xd67b1e7e1d61f6de5b6828b952dd9bb4f28166401483a12e37a7a7018567ecbd"),
        "owner": Object {
            "AddressOwner": String("0xd67b1e7e1d61f6de5b6828b952dd9bb4f28166401483a12e37a7a7018567ecbd"),
        },
        "objectType": String("0x2::coin::Coin<0x2::sui::SUI>"),
        "objectId": String("0x7c94abffd392fd35571938f535e282d3321b008471bba5bc9bcd341679fa1f74"),
        "version": String("16617442"),
        "previousVersion": String("16617441"),
        "digest": String("AeXmdPjzuKCnnHDJ1XHXUmzhVDALJdevLAG1H7SFDvwn"),
    },
    Object {
        "type": String("published"),
        "packageId": String("0x10a1f113e1709c4f3e884e4937400b8723dd121df20ec7a11fb9f1dfc1065f8f"),
        "version": String("1"),
        "digest": String("9rg9w9eK3YZw9JJfs9ReRsnd7hfi2NDXJyMoZNW5gx4r"),
        "modules": Array [
            String("comparator"),
            String("math"),
            String("merkle_proof"),
            String("rebase"),
            String("utils"),
            String("vectors"),
        ],
    },
    Object {
        "type": String("created"),
        "sender": String("0xd67b1e7e1d61f6de5b6828b952dd9bb4f28166401483a12e37a7a7018567ecbd"),
        "owner": Object {
            "AddressOwner": String("0xd67b1e7e1d61f6de5b6828b952dd9bb4f28166401483a12e37a7a7018567ecbd"),
        },
        "objectType": String("0x2::package::UpgradeCap"),
        "objectId": String("0xe39f27ebc0a317bac54b212db2c0e67e22080542426400631ed55206253b9f00"),
        "version": String("16617442"),
        "digest": String("HFmdxvkauUBAjvwBjHs4VL6v4k7TzELFVDrSnEGYjZ5U"),
    },
]
----- Balance changes ----
Array [
    Object {
        "owner": Object {
            "AddressOwner": String("0xd67b1e7e1d61f6de5b6828b952dd9bb4f28166401483a12e37a7a7018567ecbd"),
        },
        "coinType": String("0x2::sui::SUI"),
        "amount": String("-52338080"),
    },
]

----- Transaction Digest ----
2oV3nK4rvU95YiJfgucwSFV4keUPtwAmWUEL2M2y3TU1
----- Transaction Data ----
Transaction Signature: [Signature(Ed25519SuiSignature(Ed25519SuiSignature([0, 205, 9, 187, 6, 188, 209, 246, 0, 7, 0, 3, 73, 14, 56, 111, 156, 127, 51, 35, 172, 197, 8, 119, 222, 55, 128, 68, 143, 70, 88, 133, 196, 37, 237, 82, 65, 6, 121, 84, 184, 176, 7, 252, 115, 3, 255, 197, 255, 32, 132, 12, 30, 101, 86, 138, 141, 213, 111, 219, 64, 50, 153, 49, 10, 146, 137, 240, 92, 95, 249, 184, 138, 8, 66, 223, 49, 207, 236, 37, 173, 122, 165, 82, 174, 158, 228, 180, 22, 84, 71, 108, 163, 206, 250, 162, 139])))]
Transaction Kind : Programmable
Inputs: [Pure(SuiPureValue { value_type: Some(Address), value: "0xd67b1e7e1d61f6de5b6828b952dd9bb4f28166401483a12e37a7a7018567ecbd" })]
Commands: [
  Publish(<modules>,0x10a1f113e1709c4f3e884e4937400b8723dd121df20ec7a11fb9f1dfc1065f8f,0x0000000000000000000000000000000000000000000000000000000000000001,0x0000000000000000000000000000000000000000000000000000000000000002),
  TransferObjects([Result(0)],Input(0)),
]

Sender: 0xd67b1e7e1d61f6de5b6828b952dd9bb4f28166401483a12e37a7a7018567ecbd
Gas Payment: Object ID: 0x7c94abffd392fd35571938f535e282d3321b008471bba5bc9bcd341679fa1f74, version: 0xfd8fe2, digest: AeXmdPjzuKCnnHDJ1XHXUmzhVDALJdevLAG1H7SFDvwn 
Gas Owner: 0xd67b1e7e1d61f6de5b6828b952dd9bb4f28166401483a12e37a7a7018567ecbd
Gas Price: 785
Gas Budget: 500000000

----- Transaction Effects ----
Status : Success
Created Objects:
  - ID: 0x199794f2267c6e1318d35f2bec47c30f8e2b126a0d0fb41b539bad3186f423d3 , Owner: Shared
  - ID: 0x1cfcf2119839539c410e2259100a544d772cd34c4aef9d4478a3768f80e61daf , Owner: Immutable
  - ID: 0x9a7e2263432afaf4ce365fde6e3526512370795a9682514db339f9565bf06131 , Owner: Account Address ( 0xd67b1e7e1d61f6de5b6828b952dd9bb4f28166401483a12e37a7a7018567ecbd )
  - ID: 0xc43cfaef8f4fa64d5acbcaddb41a0fefac63807233c4e441cc366915606cfca8 , Owner: Immutable
  - ID: 0xceee7b0af018f54e112bb55e2b298353ef00afd584192af1c9e131ffd68232aa , Owner: Account Address ( 0xd67b1e7e1d61f6de5b6828b952dd9bb4f28166401483a12e37a7a7018567ecbd )
  - ID: 0xef0d187a30db6dacb1fcdb02fbaa7b39bfcc4f4fa09b2c430f6eae277f08d29f , Owner: Immutable
  - ID: 0xf27d8bcddfce996f1be57acade8c5478bedecd82989703e94696c5b58f057863 , Owner: Account Address ( 0xd67b1e7e1d61f6de5b6828b952dd9bb4f28166401483a12e37a7a7018567ecbd )
  - ID: 0xffe3a6f1071b7fe404b300c88b20d69bf2ede03d643e273abe1b01230a5936d3 , Owner: Shared
Mutated Objects:
  - ID: 0x7c94abffd392fd35571938f535e282d3321b008471bba5bc9bcd341679fa1f74 , Owner: Account Address ( 0xd67b1e7e1d61f6de5b6828b952dd9bb4f28166401483a12e37a7a7018567ecbd )

----- Events ----
Array []
----- Object changes ----
Array [
    Object {
        "type": String("mutated"),
        "sender": String("0xd67b1e7e1d61f6de5b6828b952dd9bb4f28166401483a12e37a7a7018567ecbd"),
        "owner": Object {
            "AddressOwner": String("0xd67b1e7e1d61f6de5b6828b952dd9bb4f28166401483a12e37a7a7018567ecbd"),
        },
        "objectType": String("0x2::coin::Coin<0x2::sui::SUI>"),
        "objectId": String("0x7c94abffd392fd35571938f535e282d3321b008471bba5bc9bcd341679fa1f74"),
        "version": String("16617443"),
        "previousVersion": String("16617442"),
        "digest": String("B1QAqBrGHu6DioDM3sipD6VqCX9dW9MrsTmXfBanhM4t"),
    },
    Object {
        "type": String("created"),
        "sender": String("0xd67b1e7e1d61f6de5b6828b952dd9bb4f28166401483a12e37a7a7018567ecbd"),
        "owner": Object {
            "Shared": Object {
                "initial_shared_version": Number(16617443),
            },
        },
        "objectType": String("0x1cfcf2119839539c410e2259100a544d772cd34c4aef9d4478a3768f80e61daf::sake::SakeStorage"),
        "objectId": String("0x199794f2267c6e1318d35f2bec47c30f8e2b126a0d0fb41b539bad3186f423d3"),
        "version": String("16617443"),
        "digest": String("Dqbwm5Yqew7YmbMmBJpWJKEAGQYZd5o49mcR24fHaYzu"),
    },
    Object {
        "type": String("published"),
        "packageId": String("0x1cfcf2119839539c410e2259100a544d772cd34c4aef9d4478a3768f80e61daf"),
        "version": String("1"),
        "digest": String("Hwer6EvjyfPxUxdBJD5Y5Jra8V6iHpbWBKXoDsgJKLSf"),
        "modules": Array [
            String("sake"),
            String("xsake"),
        ],
    },
    Object {
        "type": String("created"),
        "sender": String("0xd67b1e7e1d61f6de5b6828b952dd9bb4f28166401483a12e37a7a7018567ecbd"),
        "owner": Object {
            "AddressOwner": String("0xd67b1e7e1d61f6de5b6828b952dd9bb4f28166401483a12e37a7a7018567ecbd"),
        },
        "objectType": String("0x2::coin::Coin<0x1cfcf2119839539c410e2259100a544d772cd34c4aef9d4478a3768f80e61daf::sake::SAKE>"),
        "objectId": String("0x9a7e2263432afaf4ce365fde6e3526512370795a9682514db339f9565bf06131"),
        "version": String("16617443"),
        "digest": String("5tRrngugpv9ehpj29BfCFE5YGkzV8weTDKR59399Gug7"),
    },
    Object {
        "type": String("created"),
        "sender": String("0xd67b1e7e1d61f6de5b6828b952dd9bb4f28166401483a12e37a7a7018567ecbd"),
        "owner": String("Immutable"),
        "objectType": String("0x2::coin::CoinMetadata<0x1cfcf2119839539c410e2259100a544d772cd34c4aef9d4478a3768f80e61daf::xsake::XSAKE>"),
        "objectId": String("0xc43cfaef8f4fa64d5acbcaddb41a0fefac63807233c4e441cc366915606cfca8"),
        "version": String("16617443"),
        "digest": String("9RPLQf6gLietreQYM5665J3CUhvbpR7HW9PEKF4gE9ye"),
    },
    Object {
        "type": String("created"),
        "sender": String("0xd67b1e7e1d61f6de5b6828b952dd9bb4f28166401483a12e37a7a7018567ecbd"),
        "owner": Object {
            "AddressOwner": String("0xd67b1e7e1d61f6de5b6828b952dd9bb4f28166401483a12e37a7a7018567ecbd"),
        },
        "objectType": String("0x2::package::UpgradeCap"),
        "objectId": String("0xceee7b0af018f54e112bb55e2b298353ef00afd584192af1c9e131ffd68232aa"),
        "version": String("16617443"),
        "digest": String("BJEjsLXunzRmeDpVaFJRTTYVaWkwfN8zJBMdZ9kcksT"),
    },
    Object {
        "type": String("created"),
        "sender": String("0xd67b1e7e1d61f6de5b6828b952dd9bb4f28166401483a12e37a7a7018567ecbd"),
        "owner": String("Immutable"),
        "objectType": String("0x2::coin::CoinMetadata<0x1cfcf2119839539c410e2259100a544d772cd34c4aef9d4478a3768f80e61daf::sake::SAKE>"),
        "objectId": String("0xef0d187a30db6dacb1fcdb02fbaa7b39bfcc4f4fa09b2c430f6eae277f08d29f"),
        "version": String("16617443"),
        "digest": String("Ej2PD3QiuUgJMZC1Vw6rAZhUBsK2sGLaHeD8PFYYHo6q"),
    },
    Object {
        "type": String("created"),
        "sender": String("0xd67b1e7e1d61f6de5b6828b952dd9bb4f28166401483a12e37a7a7018567ecbd"),
        "owner": Object {
            "AddressOwner": String("0xd67b1e7e1d61f6de5b6828b952dd9bb4f28166401483a12e37a7a7018567ecbd"),
        },
        "objectType": String("0x1cfcf2119839539c410e2259100a544d772cd34c4aef9d4478a3768f80e61daf::sake::SakeAdminCap"),
        "objectId": String("0xf27d8bcddfce996f1be57acade8c5478bedecd82989703e94696c5b58f057863"),
        "version": String("16617443"),
        "digest": String("5bqvyZy3AzkPSDT4M3GTDJaJA7gXZsNipPY18D4fH3fT"),
    },
    Object {
        "type": String("created"),
        "sender": String("0xd67b1e7e1d61f6de5b6828b952dd9bb4f28166401483a12e37a7a7018567ecbd"),
        "owner": Object {
            "Shared": Object {
                "initial_shared_version": Number(16617443),
            },
        },
        "objectType": String("0x1cfcf2119839539c410e2259100a544d772cd34c4aef9d4478a3768f80e61daf::xsake::XSakeStorage"),
        "objectId": String("0xffe3a6f1071b7fe404b300c88b20d69bf2ede03d643e273abe1b01230a5936d3"),
        "version": String("16617443"),
        "digest": String("CiSPYsFiqA9gQJo6sgNniTn7jwF6jiWi3yK4h4L8Q6aM"),
    },
]
----- Balance changes ----
Array [
    Object {
        "owner": Object {
            "AddressOwner": String("0xd67b1e7e1d61f6de5b6828b952dd9bb4f28166401483a12e37a7a7018567ecbd"),
        },
        "coinType": String("0x2::sui::SUI"),
        "amount": String("-46440480"),
    },
    Object {
        "owner": Object {
            "AddressOwner": String("0xd67b1e7e1d61f6de5b6828b952dd9bb4f28166401483a12e37a7a7018567ecbd"),
        },
        "coinType": String("0x1cfcf2119839539c410e2259100a544d772cd34c4aef9d4478a3768f80e61daf::sake::SAKE"),
        "amount": String("600000000000000000"),
    },
]


----- Transaction Digest ----
AmfYYUt2iTXzyfKUnFVGYufUSrDFYpWcgqMLAYPTfyki
----- Transaction Data ----
Transaction Signature: [Signature(Ed25519SuiSignature(Ed25519SuiSignature([0, 75, 252, 153, 240, 135, 93, 150, 146, 26, 178, 217, 24, 236, 65, 25, 254, 114, 94, 145, 80, 101, 255, 212, 125, 145, 64, 211, 160, 221, 158, 52, 162, 17, 159, 105, 212, 59, 73, 67, 3, 100, 170, 219, 37, 95, 36, 23, 52, 72, 153, 53, 132, 152, 135, 166, 90, 108, 174, 144, 223, 173, 85, 245, 13, 146, 137, 240, 92, 95, 249, 184, 138, 8, 66, 223, 49, 207, 236, 37, 173, 122, 165, 82, 174, 158, 228, 180, 22, 84, 71, 108, 163, 206, 250, 162, 139])))]
Transaction Kind : Programmable
Inputs: [Pure(SuiPureValue { value_type: Some(Address), value: "0xd67b1e7e1d61f6de5b6828b952dd9bb4f28166401483a12e37a7a7018567ecbd" })]
Commands: [
  Publish(<modules>,0x10a1f113e1709c4f3e884e4937400b8723dd121df20ec7a11fb9f1dfc1065f8f,0x0000000000000000000000000000000000000000000000000000000000000001,0x0000000000000000000000000000000000000000000000000000000000000002,0xafde00ead81e23ace89f1410e1495f23f6000a488aac6afd42352331888d248f),
  TransferObjects([Result(0)],Input(0)),
]

Sender: 0xd67b1e7e1d61f6de5b6828b952dd9bb4f28166401483a12e37a7a7018567ecbd
Gas Payment: Object ID: 0x7c94abffd392fd35571938f535e282d3321b008471bba5bc9bcd341679fa1f74, version: 0xfd8fe9, digest: 6hwHZYhK73WdVasAW8spTiTzvoqCe27BupFGgGFgfcUF 
Gas Owner: 0xd67b1e7e1d61f6de5b6828b952dd9bb4f28166401483a12e37a7a7018567ecbd
Gas Price: 785
Gas Budget: 500000000

----- Transaction Effects ----
Status : Success
Created Objects:
  - ID: 0x0d3cae840403b891b92d5d0c012f78433a05da028dd41ba605d3a908241f60c6 , Owner: Shared
  - ID: 0x2355d81f622c9a37fa6771e234d4897955ef7cdca7e5705454b727d6e2c1cad2 , Owner: Account Address ( 0xd67b1e7e1d61f6de5b6828b952dd9bb4f28166401483a12e37a7a7018567ecbd )
  - ID: 0x2c94edaf0feaa5348866a3c995915c7772d2071fc96aba9547b83f36cbb2c11c , Owner: Immutable
  - ID: 0x2cdf8cb3f31150876234b2a7f2c32001f82bb9f00adcc18df63d423a710ce660 , Owner: Object ID: ( 0x8afd0416cbafaaed4a8f646d3cc7f0476e7393c2db953f941cee1c66a6f3a6da )
  - ID: 0x45516ea0a231429e0f1f4e24ca074ad3e68d1158aefb7bd22afb4a666209134a , Owner: Object ID: ( 0x5521af6cbb302b377634858dd9fd41d27648cb0687c3f2846c75b7a799b587ba )
  - ID: 0x5521af6cbb302b377634858dd9fd41d27648cb0687c3f2846c75b7a799b587ba , Owner: Object ID: ( 0x8f76e66e4c7b33cd090626e40b914ee6500103425da4be4efec1d7f4ae95c702 )
  - ID: 0x64c96abb543324c98d7f5b8d3bbd9b6946f0ab47f9e2cafd8137bd2eeeabb99b , Owner: Shared
  - ID: 0x9c63a3927de0b53d3781f1c2d04ab14d3d5bad5c2ea180e988d5f4b09fa11879 , Owner: Account Address ( 0xd67b1e7e1d61f6de5b6828b952dd9bb4f28166401483a12e37a7a7018567ecbd )
  - ID: 0xa3a38a576c696f2f14e3f16f393c54b502ab43c4926a30e7580495acf72cb071 , Owner: Shared
  - ID: 0xc1762a761245393b4de73eda6782c1b6724f112b527cd8a32455e6353985c54e , Owner: Object ID: ( 0x2cdf8cb3f31150876234b2a7f2c32001f82bb9f00adcc18df63d423a710ce660 )
  - ID: 0xfafd95a6425e0c5672f5dfe597cfca068993b271a7a5d925849e6dfea39548e2 , Owner: Object ID: ( 0xc46d29ca648b2b37cbfa621aec7a3a69f51053e767419ae7b9cd60b3b88436e1 )
Mutated Objects:
  - ID: 0x7c94abffd392fd35571938f535e282d3321b008471bba5bc9bcd341679fa1f74 , Owner: Account Address ( 0xd67b1e7e1d61f6de5b6828b952dd9bb4f28166401483a12e37a7a7018567ecbd )

----- Events ----
Array [
    Object {
        "id": Object {
            "txDigest": String("AmfYYUt2iTXzyfKUnFVGYufUSrDFYpWcgqMLAYPTfyki"),
            "eventSeq": String("0"),
        },
        "packageId": String("0x2c94edaf0feaa5348866a3c995915c7772d2071fc96aba9547b83f36cbb2c11c"),
        "transactionModule": String("master_chef"),
        "sender": String("0xd67b1e7e1d61f6de5b6828b952dd9bb4f28166401483a12e37a7a7018567ecbd"),
        "type": String("0x2c94edaf0feaa5348866a3c995915c7772d2071fc96aba9547b83f36cbb2c11c::master_chef::AddPool<0xafde00ead81e23ace89f1410e1495f23f6000a488aac6afd42352331888d248f::sfloki::SFLOKI>"),
        "parsedJson": Object {
            "allocation_points": String("1000"),
            "key": String("0"),
        },
        "bcs": String("11111111fooeftQupXh"),
    },
]
----- Object changes ----
Array [
    Object {
        "type": String("mutated"),
        "sender": String("0xd67b1e7e1d61f6de5b6828b952dd9bb4f28166401483a12e37a7a7018567ecbd"),
        "owner": Object {
            "AddressOwner": String("0xd67b1e7e1d61f6de5b6828b952dd9bb4f28166401483a12e37a7a7018567ecbd"),
        },
        "objectType": String("0x2::coin::Coin<0x2::sui::SUI>"),
        "objectId": String("0x7c94abffd392fd35571938f535e282d3321b008471bba5bc9bcd341679fa1f74"),
        "version": String("16617450"),
        "previousVersion": String("16617449"),
        "digest": String("5uVufLijffHwdmne7C29QBwDE7nxc8sz8Kk33yDNhiyt"),
    },
    Object {
        "type": String("created"),
        "sender": String("0xd67b1e7e1d61f6de5b6828b952dd9bb4f28166401483a12e37a7a7018567ecbd"),
        "owner": Object {
            "Shared": Object {
                "initial_shared_version": Number(16617450),
            },
        },
        "objectType": String("0x2c94edaf0feaa5348866a3c995915c7772d2071fc96aba9547b83f36cbb2c11c::master_chef::AccountStorage"),
        "objectId": String("0x0d3cae840403b891b92d5d0c012f78433a05da028dd41ba605d3a908241f60c6"),
        "version": String("16617450"),
        "digest": String("EAFpvvLnQqvxRVp8EnyA3kRfmGfxkQsQ9s4X6VcDV8x5"),
    },
    Object {
        "type": String("created"),
        "sender": String("0xd67b1e7e1d61f6de5b6828b952dd9bb4f28166401483a12e37a7a7018567ecbd"),
        "owner": Object {
            "AddressOwner": String("0xd67b1e7e1d61f6de5b6828b952dd9bb4f28166401483a12e37a7a7018567ecbd"),
        },
        "objectType": String("0x2c94edaf0feaa5348866a3c995915c7772d2071fc96aba9547b83f36cbb2c11c::master_chef::MasterChefAdmin"),
        "objectId": String("0x2355d81f622c9a37fa6771e234d4897955ef7cdca7e5705454b727d6e2c1cad2"),
        "version": String("16617450"),
        "digest": String("8y9qD7ammz69BAjdLkAzncu1kEREaofK127i7SHjZX1y"),
    },
    Object {
        "type": String("published"),
        "packageId": String("0x2c94edaf0feaa5348866a3c995915c7772d2071fc96aba9547b83f36cbb2c11c"),
        "version": String("1"),
        "digest": String("7K4ioC4tFTmHpfJXW6Wd8Dkty3cZcAWs1ypx5p2ZfGL3"),
        "modules": Array [
            String("kojikiswap"),
            String("kojikiswap_library"),
            String("master_chef"),
            String("uq64x64"),
        ],
    },
    Object {
        "type": String("created"),
        "sender": String("0xd67b1e7e1d61f6de5b6828b952dd9bb4f28166401483a12e37a7a7018567ecbd"),
        "owner": Object {
            "ObjectOwner": String("0x8afd0416cbafaaed4a8f646d3cc7f0476e7393c2db953f941cee1c66a6f3a6da"),
        },
        "objectType": String("0x2::dynamic_field::Field<0x2::dynamic_object_field::Wrapper<u64>, 0x2::object::ID>"),
        "objectId": String("0x2cdf8cb3f31150876234b2a7f2c32001f82bb9f00adcc18df63d423a710ce660"),
        "version": String("16617450"),
        "digest": String("2bFCKEc8PBw14szTJFSNKjSo5CpY9SNYtfFi3QXoLKu5"),
    },
    Object {
        "type": String("created"),
        "sender": String("0xd67b1e7e1d61f6de5b6828b952dd9bb4f28166401483a12e37a7a7018567ecbd"),
        "owner": Object {
            "ObjectOwner": String("0x5521af6cbb302b377634858dd9fd41d27648cb0687c3f2846c75b7a799b587ba"),
        },
        "objectType": String("0x2::object_bag::ObjectBag"),
        "objectId": String("0x45516ea0a231429e0f1f4e24ca074ad3e68d1158aefb7bd22afb4a666209134a"),
        "version": String("16617450"),
        "digest": String("3Gc8HfX6sXf1wN71d5139qzAZ1ErrFSnnD7VxjLNneKs"),
    },
    Object {
        "type": String("created"),
        "sender": String("0xd67b1e7e1d61f6de5b6828b952dd9bb4f28166401483a12e37a7a7018567ecbd"),
        "owner": Object {
            "ObjectOwner": String("0x8f76e66e4c7b33cd090626e40b914ee6500103425da4be4efec1d7f4ae95c702"),
        },
        "objectType": String("0x2::dynamic_field::Field<0x2::dynamic_object_field::Wrapper<u64>, 0x2::object::ID>"),
        "objectId": String("0x5521af6cbb302b377634858dd9fd41d27648cb0687c3f2846c75b7a799b587ba"),
        "version": String("16617450"),
        "digest": String("7U47mJHTB2hn3zMELuf2bbbfKhuK57cytwCGp8CgVQWD"),
    },
    Object {
        "type": String("created"),
        "sender": String("0xd67b1e7e1d61f6de5b6828b952dd9bb4f28166401483a12e37a7a7018567ecbd"),
        "owner": Object {
            "Shared": Object {
                "initial_shared_version": Number(16617450),
            },
        },
        "objectType": String("0x2c94edaf0feaa5348866a3c995915c7772d2071fc96aba9547b83f36cbb2c11c::master_chef::MasterChefStorage"),
        "objectId": String("0x64c96abb543324c98d7f5b8d3bbd9b6946f0ab47f9e2cafd8137bd2eeeabb99b"),
        "version": String("16617450"),
        "digest": String("emd9bkijxcfT2STh5PqsCvJcqTWddmdWft3BGh782Vg"),
    },
    Object {
        "type": String("created"),
        "sender": String("0xd67b1e7e1d61f6de5b6828b952dd9bb4f28166401483a12e37a7a7018567ecbd"),
        "owner": Object {
            "AddressOwner": String("0xd67b1e7e1d61f6de5b6828b952dd9bb4f28166401483a12e37a7a7018567ecbd"),
        },
        "objectType": String("0x2::package::UpgradeCap"),
        "objectId": String("0x9c63a3927de0b53d3781f1c2d04ab14d3d5bad5c2ea180e988d5f4b09fa11879"),
        "version": String("16617450"),
        "digest": String("E5FyFR7X6JyTHtSWJAjA1wnVjyXjj4bhsvBK3ZXatsCD"),
    },
    Object {
        "type": String("created"),
        "sender": String("0xd67b1e7e1d61f6de5b6828b952dd9bb4f28166401483a12e37a7a7018567ecbd"),
        "owner": Object {
            "Shared": Object {
                "initial_shared_version": Number(16617450),
            },
        },
        "objectType": String("0x2c94edaf0feaa5348866a3c995915c7772d2071fc96aba9547b83f36cbb2c11c::kojikiswap::LiquidityPools"),
        "objectId": String("0xa3a38a576c696f2f14e3f16f393c54b502ab43c4926a30e7580495acf72cb071"),
        "version": String("16617450"),
        "digest": String("J5RyWDqVZHvDv1JoiZx3rz6SYVSPiqVGrxnNWv8mL4zd"),
    },
    Object {
        "type": String("created"),
        "sender": String("0xd67b1e7e1d61f6de5b6828b952dd9bb4f28166401483a12e37a7a7018567ecbd"),
        "owner": Object {
            "ObjectOwner": String("0x2cdf8cb3f31150876234b2a7f2c32001f82bb9f00adcc18df63d423a710ce660"),
        },
        "objectType": String("0x2c94edaf0feaa5348866a3c995915c7772d2071fc96aba9547b83f36cbb2c11c::master_chef::Pool"),
        "objectId": String("0xc1762a761245393b4de73eda6782c1b6724f112b527cd8a32455e6353985c54e"),
        "version": String("16617450"),
        "digest": String("EE3KwfRKDkrj2EpLg78owA32cazV4r9UxVS32wC4wCMM"),
    },
    Object {
        "type": String("created"),
        "sender": String("0xd67b1e7e1d61f6de5b6828b952dd9bb4f28166401483a12e37a7a7018567ecbd"),
        "owner": Object {
            "ObjectOwner": String("0xc46d29ca648b2b37cbfa621aec7a3a69f51053e767419ae7b9cd60b3b88436e1"),
        },
        "objectType": String("0x2::dynamic_field::Field<0x1::ascii::String, 0x2c94edaf0feaa5348866a3c995915c7772d2071fc96aba9547b83f36cbb2c11c::master_chef::PoolKey>"),
        "objectId": String("0xfafd95a6425e0c5672f5dfe597cfca068993b271a7a5d925849e6dfea39548e2"),
        "version": String("16617450"),
        "digest": String("Hi1874xdyZtoc1ZgbMPYvvRUvLWyKCe4GbdiepHPoTdE"),
    },
]
----- Balance changes ----
Array [
    Object {
        "owner": Object {
            "AddressOwner": String("0xd67b1e7e1d61f6de5b6828b952dd9bb4f28166401483a12e37a7a7018567ecbd"),
        },
        "coinType": String("0x2::sui::SUI"),
        "amount": String("-162114680"),
    },
]